  [1m[36m (0.1ms)[0m  [1mselect sqlite_version(*)[0m
  [1m[35m (102.1ms)[0m  CREATE TABLE "schema_migrations" ("version" varchar(255) NOT NULL) 
  [1m[36m (0.1ms)[0m  [1mPRAGMA index_list("schema_migrations")[0m
  [1m[35m (66.0ms)[0m  CREATE UNIQUE INDEX "unique_schema_migrations" ON "schema_migrations" ("version")
  [1m[36m (0.2ms)[0m  [1mSELECT "schema_migrations"."version" FROM "schema_migrations" [0m
Migrating to DeviseCreateUsers (20120221133305)
  [1m[35m (0.8ms)[0m  CREATE TABLE "users" ("id" INTEGER PRIMARY KEY AUTOINCREMENT NOT NULL, "email" varchar(255) DEFAULT '' NOT NULL, "encrypted_password" varchar(255) DEFAULT '' NOT NULL, "reset_password_token" varchar(255), "reset_password_sent_at" datetime, "remember_created_at" datetime, "sign_in_count" integer DEFAULT 0, "current_sign_in_at" datetime, "last_sign_in_at" datetime, "current_sign_in_ip" varchar(255), "last_sign_in_ip" varchar(255), "created_at" datetime, "updated_at" datetime) 
  [1m[36m (0.0ms)[0m  [1mPRAGMA index_list("users")[0m
  [1m[35m (0.3ms)[0m  CREATE UNIQUE INDEX "index_users_on_email" ON "users" ("email")
  [1m[36m (0.0ms)[0m  [1mPRAGMA index_list("users")[0m
  [1m[35m (0.1ms)[0m  PRAGMA index_info('index_users_on_email')
  [1m[36m (0.2ms)[0m  [1mCREATE UNIQUE INDEX "index_users_on_reset_password_token" ON "users" ("reset_password_token")[0m
  [1m[35m (0.1ms)[0m  INSERT INTO "schema_migrations" ("version") VALUES ('20120221133305')
  [1m[36m (0.3ms)[0m  [1mselect sqlite_version(*)[0m
  [1m[35m (0.1ms)[0m  SELECT "schema_migrations"."version" FROM "schema_migrations" 
  [1m[36m (0.1ms)[0m  [1mPRAGMA index_list("users")[0m
  [1m[35m (0.0ms)[0m  PRAGMA index_info('index_users_on_reset_password_token')
  [1m[36m (0.0ms)[0m  [1mPRAGMA index_info('index_users_on_email')[0m


Started GET "/assets/rails.png" for 127.0.0.1 at 2012-02-21 19:14:07 +0530
Served asset /rails.png - 200 OK (8ms)


Started GET "/" for 127.0.0.1 at 2012-02-21 19:14:34 +0530

ActionController::RoutingError (uninitialized constant ProjectController):
  

Rendered /home/ramachandran/.rvm/gems/ruby-1.9.2-p290@pm/gems/actionpack-3.1.1/lib/action_dispatch/middleware/templates/rescues/routing_error.erb within rescues/layout (1.2ms)


Started GET "/" for 127.0.0.1 at 2012-02-21 19:15:41 +0530
  Processing by ProjectsController#index as HTML
Completed 401 Unauthorized in 47ms


Started GET "/users/sign_in" for 127.0.0.1 at 2012-02-21 19:15:41 +0530
  Processing by Devise::SessionsController#new as HTML
Rendered /home/ramachandran/.rvm/gems/ruby-1.9.2-p290@pm/gems/devise-2.0.4/app/views/devise/_links.erb (3.0ms)
Rendered /home/ramachandran/.rvm/gems/ruby-1.9.2-p290@pm/gems/devise-2.0.4/app/views/devise/sessions/new.html.erb within layouts/application (53.7ms)
Compiled application.css  (1ms)  (pid 7876)
Compiled projects.css  (30ms)  (pid 7876)
Compiled application.js  (4ms)  (pid 7876)
Compiled jquery.js  (3ms)  (pid 7876)
Compiled jquery_ujs.js  (0ms)  (pid 7876)
Compiled projects.js  (119ms)  (pid 7876)
Completed 200 OK in 598ms (Views: 402.5ms | ActiveRecord: 1.3ms)


Started GET "/assets/application.css?body=1" for 127.0.0.1 at 2012-02-21 19:15:42 +0530
Served asset /application.css - 200 OK (0ms)


Started GET "/assets/jquery.js?body=1" for 127.0.0.1 at 2012-02-21 19:15:42 +0530
Served asset /jquery.js - 200 OK (12ms)


Started GET "/assets/projects.css?body=1" for 127.0.0.1 at 2012-02-21 19:15:42 +0530
Served asset /projects.css - 200 OK (2ms)


Started GET "/assets/projects.js?body=1" for 127.0.0.1 at 2012-02-21 19:15:42 +0530
Served asset /projects.js - 200 OK (8ms)


Started GET "/assets/jquery_ujs.js?body=1" for 127.0.0.1 at 2012-02-21 19:15:42 +0530
Served asset /jquery_ujs.js - 200 OK (9ms)


Started GET "/assets/application.js?body=1" for 127.0.0.1 at 2012-02-21 19:15:42 +0530
Served asset /application.js - 200 OK (0ms)


Started GET "/users/sign_up" for 127.0.0.1 at 2012-02-21 19:15:52 +0530
  Processing by Devise::RegistrationsController#new as HTML
Rendered /home/ramachandran/.rvm/gems/ruby-1.9.2-p290@pm/gems/devise-2.0.4/app/views/devise/_links.erb (1.2ms)
Rendered /home/ramachandran/.rvm/gems/ruby-1.9.2-p290@pm/gems/devise-2.0.4/app/views/devise/registrations/new.html.erb within layouts/application (24.6ms)
Completed 200 OK in 82ms (Views: 66.3ms | ActiveRecord: 0.9ms)


Started POST "/users" for 127.0.0.1 at 2012-02-21 19:16:02 +0530
  Processing by Devise::RegistrationsController#create as HTML
  Parameters: {"utf8"=>"✓", "authenticity_token"=>"wdjgSnevtUAAtKRXv/Nt+K2Ur/IPxYFGwyIk+7xlJM8=", "user"=>{"email"=>"vramachandran86@gmail.com", "password"=>"[FILTERED]", "password_confirmation"=>"[FILTERED]"}, "commit"=>"Sign up"}
  [1m[36m (0.2ms)[0m  [1mSELECT 1 FROM "users" WHERE "users"."email" = 'vramachandran86@gmail.com' LIMIT 1[0m
Binary data inserted for `string` type on column `encrypted_password`
  [1m[35mSQL (9.6ms)[0m  INSERT INTO "users" ("created_at", "current_sign_in_at", "current_sign_in_ip", "email", "encrypted_password", "last_sign_in_at", "last_sign_in_ip", "remember_created_at", "reset_password_sent_at", "reset_password_token", "sign_in_count", "updated_at") VALUES (?, ?, ?, ?, ?, ?, ?, ?, ?, ?, ?, ?)  [["created_at", Tue, 21 Feb 2012 13:46:02 UTC +00:00], ["current_sign_in_at", nil], ["current_sign_in_ip", nil], ["email", "vramachandran86@gmail.com"], ["encrypted_password", "$2a$10$J.XYRl.Yq6HjELSi2uelj.tP.gclh9hAa4dFfE/9FY9Ra7fWA/IlC"], ["last_sign_in_at", nil], ["last_sign_in_ip", nil], ["remember_created_at", nil], ["reset_password_sent_at", nil], ["reset_password_token", nil], ["sign_in_count", 0], ["updated_at", Tue, 21 Feb 2012 13:46:02 UTC +00:00]]
  [1m[36m (0.4ms)[0m  [1mUPDATE "users" SET "last_sign_in_at" = '2012-02-21 13:46:02.776166', "current_sign_in_at" = '2012-02-21 13:46:02.776166', "last_sign_in_ip" = '127.0.0.1', "current_sign_in_ip" = '127.0.0.1', "sign_in_count" = 1, "updated_at" = '2012-02-21 13:46:02.777247' WHERE "users"."id" = 1[0m
Redirected to http://localhost:3000/
Completed 302 Found in 564ms


Started GET "/" for 127.0.0.1 at 2012-02-21 19:16:02 +0530
  Processing by ProjectsController#index as HTML
  [1m[35mUser Load (0.2ms)[0m  SELECT "users".* FROM "users" WHERE "users"."id" = 1 LIMIT 1
Rendered projects/index.html.haml within layouts/application (2.0ms)
Completed 200 OK in 128ms (Views: 12.4ms | ActiveRecord: 1.1ms)


Started GET "/assets/application.css?body=1" for 127.0.0.1 at 2012-02-21 19:16:03 +0530
Served asset /application.css - 304 Not Modified (0ms)


Started GET "/assets/projects.css?body=1" for 127.0.0.1 at 2012-02-21 19:16:03 +0530
Served asset /projects.css - 304 Not Modified (0ms)


Started GET "/assets/projects.js?body=1" for 127.0.0.1 at 2012-02-21 19:16:03 +0530
Served asset /projects.js - 304 Not Modified (0ms)


Started GET "/assets/application.js?body=1" for 127.0.0.1 at 2012-02-21 19:16:03 +0530
Served asset /application.js - 304 Not Modified (0ms)


Started GET "/users/sign_out" for 127.0.0.1 at 2012-02-21 19:16:19 +0530

ActionController::RoutingError (No route matches [GET] "/users/sign_out"):
  

Rendered /home/ramachandran/.rvm/gems/ruby-1.9.2-p290@pm/gems/actionpack-3.1.1/lib/action_dispatch/middleware/templates/rescues/routing_error.erb within rescues/layout (0.7ms)


Started GET "/sign_out" for 127.0.0.1 at 2012-02-21 19:16:24 +0530

ActionController::RoutingError (No route matches [GET] "/sign_out"):
  

Rendered /home/ramachandran/.rvm/gems/ruby-1.9.2-p290@pm/gems/actionpack-3.1.1/lib/action_dispatch/middleware/templates/rescues/routing_error.erb within rescues/layout (0.9ms)


Started GET "/" for 127.0.0.1 at 2012-02-21 19:16:29 +0530
  Processing by ProjectsController#index as HTML
  [1m[36mUser Load (0.2ms)[0m  [1mSELECT "users".* FROM "users" WHERE "users"."id" = 1 LIMIT 1[0m
Rendered projects/index.html.haml within layouts/application (0.1ms)
Completed 200 OK in 85ms (Views: 9.6ms | ActiveRecord: 1.5ms)


Started GET "/assets/projects.css?body=1" for 127.0.0.1 at 2012-02-21 19:16:30 +0530
Served asset /projects.css - 304 Not Modified (11ms)


Started GET "/assets/application.js?body=1" for 127.0.0.1 at 2012-02-21 19:16:30 +0530
Served asset /application.js - 304 Not Modified (0ms)


Started GET "/assets/projects.js?body=1" for 127.0.0.1 at 2012-02-21 19:16:30 +0530
Served asset /projects.js - 304 Not Modified (0ms)


Started GET "/assets/application.css?body=1" for 127.0.0.1 at 2012-02-21 19:16:30 +0530
Served asset /application.css - 304 Not Modified (0ms)


Started GET "/" for 127.0.0.1 at 2012-02-21 19:18:25 +0530
  Processing by ProjectsController#index as HTML
  [1m[35mUser Load (0.2ms)[0m  SELECT "users".* FROM "users" WHERE "users"."id" = 1 LIMIT 1
Rendered projects/index.html.haml within layouts/application (2.6ms)
Completed 200 OK in 50ms (Views: 12.0ms | ActiveRecord: 1.1ms)


Started GET "/assets/application.css?body=1" for 127.0.0.1 at 2012-02-21 19:18:25 +0530
Served asset /application.css - 304 Not Modified (0ms)


Started GET "/assets/projects.css?body=1" for 127.0.0.1 at 2012-02-21 19:18:25 +0530
Served asset /projects.css - 304 Not Modified (0ms)


Started GET "/assets/projects.js?body=1" for 127.0.0.1 at 2012-02-21 19:18:25 +0530
Served asset /projects.js - 304 Not Modified (0ms)


Started GET "/assets/jquery.js?body=1" for 127.0.0.1 at 2012-02-21 19:18:25 +0530
Served asset /jquery.js - 304 Not Modified (0ms)


Started GET "/assets/application.js?body=1" for 127.0.0.1 at 2012-02-21 19:18:25 +0530
Served asset /application.js - 304 Not Modified (0ms)


Started GET "/assets/jquery_ujs.js?body=1" for 127.0.0.1 at 2012-02-21 19:18:25 +0530
Served asset /jquery_ujs.js - 304 Not Modified (0ms)


Started DELETE "/users/sign_out" for 127.0.0.1 at 2012-02-21 19:18:30 +0530
  Processing by Devise::SessionsController#destroy as HTML
  Parameters: {"authenticity_token"=>"wdjgSnevtUAAtKRXv/Nt+K2Ur/IPxYFGwyIk+7xlJM8="}
  [1m[36mUser Load (0.2ms)[0m  [1mSELECT "users".* FROM "users" WHERE "users"."id" = 1 LIMIT 1[0m
Redirected to http://localhost:3000/
Completed 302 Found in 51ms


Started GET "/" for 127.0.0.1 at 2012-02-21 19:18:30 +0530
  Processing by ProjectsController#index as HTML
Completed 401 Unauthorized in 50ms


Started GET "/users/sign_in" for 127.0.0.1 at 2012-02-21 19:18:30 +0530
  Processing by Devise::SessionsController#new as HTML
Rendered /home/ramachandran/.rvm/gems/ruby-1.9.2-p290@pm/gems/devise-2.0.4/app/views/devise/_links.erb (1.4ms)
Rendered /home/ramachandran/.rvm/gems/ruby-1.9.2-p290@pm/gems/devise-2.0.4/app/views/devise/sessions/new.html.erb within layouts/application (8.2ms)
Completed 200 OK in 51ms (Views: 20.7ms | ActiveRecord: 0.9ms)


Started GET "/assets/application.css?body=1" for 127.0.0.1 at 2012-02-21 19:18:30 +0530
Served asset /application.css - 304 Not Modified (0ms)


Started GET "/assets/application.js?body=1" for 127.0.0.1 at 2012-02-21 19:18:30 +0530
Served asset /application.js - 304 Not Modified (0ms)


Started GET "/assets/jquery.js?body=1" for 127.0.0.1 at 2012-02-21 19:18:30 +0530
Served asset /jquery.js - 304 Not Modified (0ms)


Started GET "/assets/projects.css?body=1" for 127.0.0.1 at 2012-02-21 19:18:30 +0530
Served asset /projects.css - 304 Not Modified (0ms)


Started GET "/assets/jquery_ujs.js?body=1" for 127.0.0.1 at 2012-02-21 19:18:30 +0530
Served asset /jquery_ujs.js - 304 Not Modified (0ms)


Started GET "/assets/projects.js?body=1" for 127.0.0.1 at 2012-02-21 19:18:30 +0530
Served asset /projects.js - 304 Not Modified (0ms)


Started POST "/users/sign_in" for 127.0.0.1 at 2012-02-21 19:18:35 +0530
  Processing by Devise::SessionsController#create as HTML
  Parameters: {"utf8"=>"✓", "authenticity_token"=>"Bl5zrNxxNv0s1gBrzB/7DWomR+aApDz0Z2559NpDhSY=", "user"=>{"email"=>"vramachandran86@gmail.com", "password"=>"[FILTERED]", "remember_me"=>"0"}, "commit"=>"Sign in"}
  [1m[35mUser Load (0.2ms)[0m  SELECT "users".* FROM "users" WHERE "users"."email" = 'vramachandran86@gmail.com' LIMIT 1
  [1m[36m (0.3ms)[0m  [1mUPDATE "users" SET "current_sign_in_at" = '2012-02-21 13:48:35.956259', "sign_in_count" = 2, "updated_at" = '2012-02-21 13:48:35.956834' WHERE "users"."id" = 1[0m
Redirected to http://localhost:3000/
Completed 302 Found in 384ms


Started GET "/" for 127.0.0.1 at 2012-02-21 19:18:36 +0530
  Processing by ProjectsController#index as HTML
  [1m[35mUser Load (0.1ms)[0m  SELECT "users".* FROM "users" WHERE "users"."id" = 1 LIMIT 1
Rendered projects/index.html.haml within layouts/application (0.8ms)
Completed 200 OK in 83ms (Views: 10.5ms | ActiveRecord: 1.1ms)


Started GET "/assets/application.css?body=1" for 127.0.0.1 at 2012-02-21 19:18:36 +0530
Served asset /application.css - 304 Not Modified (0ms)


Started GET "/assets/projects.css?body=1" for 127.0.0.1 at 2012-02-21 19:18:36 +0530
Served asset /projects.css - 304 Not Modified (0ms)


Started GET "/assets/projects.js?body=1" for 127.0.0.1 at 2012-02-21 19:18:36 +0530
Served asset /projects.js - 304 Not Modified (0ms)


Started GET "/assets/jquery.js?body=1" for 127.0.0.1 at 2012-02-21 19:18:36 +0530
Served asset /jquery.js - 304 Not Modified (0ms)


Started GET "/assets/application.js?body=1" for 127.0.0.1 at 2012-02-21 19:18:36 +0530
Served asset /application.js - 304 Not Modified (0ms)


Started GET "/assets/jquery_ujs.js?body=1" for 127.0.0.1 at 2012-02-21 19:18:36 +0530
Served asset /jquery_ujs.js - 304 Not Modified (0ms)


Started DELETE "/users/sign_out" for 127.0.0.1 at 2012-02-21 19:18:40 +0530
  Processing by Devise::SessionsController#destroy as HTML
  Parameters: {"authenticity_token"=>"Bl5zrNxxNv0s1gBrzB/7DWomR+aApDz0Z2559NpDhSY="}
  [1m[36mUser Load (0.1ms)[0m  [1mSELECT "users".* FROM "users" WHERE "users"."id" = 1 LIMIT 1[0m
Redirected to http://localhost:3000/
Completed 302 Found in 33ms


Started GET "/" for 127.0.0.1 at 2012-02-21 19:18:40 +0530
  Processing by ProjectsController#index as HTML
Completed 401 Unauthorized in 17ms


Started GET "/users/sign_in" for 127.0.0.1 at 2012-02-21 19:18:40 +0530
  Processing by Devise::SessionsController#new as HTML
Rendered /home/ramachandran/.rvm/gems/ruby-1.9.2-p290@pm/gems/devise-2.0.4/app/views/devise/_links.erb (1.1ms)
Rendered /home/ramachandran/.rvm/gems/ruby-1.9.2-p290@pm/gems/devise-2.0.4/app/views/devise/sessions/new.html.erb within layouts/application (6.7ms)
Completed 200 OK in 57ms (Views: 17.8ms | ActiveRecord: 6.1ms)


Started GET "/assets/application.css?body=1" for 127.0.0.1 at 2012-02-21 19:18:40 +0530
Served asset /application.css - 304 Not Modified (0ms)


Started GET "/assets/projects.js?body=1" for 127.0.0.1 at 2012-02-21 19:18:41 +0530
Served asset /projects.js - 304 Not Modified (0ms)


Started GET "/assets/projects.css?body=1" for 127.0.0.1 at 2012-02-21 19:18:41 +0530
Served asset /projects.css - 304 Not Modified (0ms)


Started GET "/assets/application.js?body=1" for 127.0.0.1 at 2012-02-21 19:18:41 +0530
Served asset /application.js - 304 Not Modified (0ms)


Started GET "/assets/jquery_ujs.js?body=1" for 127.0.0.1 at 2012-02-21 19:18:41 +0530
Served asset /jquery_ujs.js - 304 Not Modified (0ms)


Started GET "/assets/jquery.js?body=1" for 127.0.0.1 at 2012-02-21 19:18:41 +0530
Served asset /jquery.js - 304 Not Modified (0ms)
